
*** Running vivado
    with args -log design_1_gree_ir_axi_0_0.vds -m64 -product Vivado -mode batch -messageDb vivado.pb -notrace -source design_1_gree_ir_axi_0_0.tcl


ECHO is off.
ECHO is off.

****** Vivado v2023.2 (64-bit)
  **** SW Build 4029153 on Fri Oct 13 20:14:34 MDT 2023
  **** IP Build 4028589 on Sat Oct 14 00:45:43 MDT 2023
  **** SharedData Build 4025554 on Tue Oct 10 17:18:54 MDT 2023
    ** Copyright 1986-2022 Xilinx, Inc. All Rights Reserved.
    ** Copyright 2022-2023 Advanced Micro Devices, Inc. All Rights Reserved.

source design_1_gree_ir_axi_0_0.tcl -notrace
create_project: Time (s): cpu = 00:00:27 ; elapsed = 00:00:29 . Memory (MB): peak = 480.578 ; gain = 182.434
INFO: [IP_Flow 19-234] Refreshing IP repositories
INFO: [IP_Flow 19-1700] Loaded user IP repository 'e:/hardware_curriculum_design/nec_pl_zynq_vrlV0.1/ip_repo'.
INFO: [IP_Flow 19-2313] Loaded Vivado IP repository 'E:/Xilinx/Vivado/2023.2/data/ip'.
WARNING: [IP_Flow 19-4995] The host OS only allows 260 characters in a normal path. The IP cache path is more than 80 characters. If you experience issues with IP caching, please consider changing the IP cache to a location with a shorter path. Alternately consider using the OS subst command to map part of the path to a drive letter. 
Current IP cache path is e:/hardware_curriculum_design/nec_pl_zynq_vrlV0.1/build/gree_ir_pynq_axi/gree_ir_pynq_axi.cache/ip 
INFO: [IP_Flow 19-6924] IPCACHE: Running cache check for IP inst: design_1_gree_ir_axi_0_0
Command: synth_design -top design_1_gree_ir_axi_0_0 -part xc7z020clg400-1 -incremental_mode off -mode out_of_context
Starting synth_design
Attempting to get a license for feature 'Synthesis' and/or device 'xc7z020'
INFO: [Common 17-349] Got license for feature 'Synthesis' and/or device 'xc7z020'
INFO: [Device 21-403] Loading part xc7z020clg400-1
INFO: [Synth 8-7079] Multithreading enabled for synth_design using a maximum of 2 processes.
INFO: [Synth 8-7078] Launching helper process for spawning children vivado processes
INFO: [Synth 8-7075] Helper process launched with PID 11536
---------------------------------------------------------------------------------
Starting RTL Elaboration : Time (s): cpu = 00:00:19 ; elapsed = 00:00:20 . Memory (MB): peak = 1351.805 ; gain = 437.633
---------------------------------------------------------------------------------
INFO: [Synth 8-6157] synthesizing module 'design_1_gree_ir_axi_0_0' [e:/hardware_curriculum_design/nec_pl_zynq_vrlV0.1/build/gree_ir_pynq_axi/gree_ir_pynq_axi.gen/sources_1/bd/design_1/ip/design_1_gree_ir_axi_0_0/synth/design_1_gree_ir_axi_0_0.v:53]
INFO: [Synth 8-6157] synthesizing module 'gree_ir_axi_v1_0' [e:/hardware_curriculum_design/nec_pl_zynq_vrlV0.1/build/gree_ir_pynq_axi/gree_ir_pynq_axi.gen/sources_1/bd/design_1/ipshared/7caa/src/gree_ir_axi_v1_0.v:3]
INFO: [Synth 8-6157] synthesizing module 'gree_ir_axi_v1_0_S00_AXI' [e:/hardware_curriculum_design/nec_pl_zynq_vrlV0.1/build/gree_ir_pynq_axi/gree_ir_pynq_axi.gen/sources_1/bd/design_1/ipshared/7caa/src/gree_ir_axi_v1_0_S00_AXI.v:3]
INFO: [Synth 8-6157] synthesizing module 'gree_ir_core' [e:/hardware_curriculum_design/nec_pl_zynq_vrlV0.1/build/gree_ir_pynq_axi/gree_ir_pynq_axi.gen/sources_1/bd/design_1/ipshared/7caa/src/gree_ir_core.v:9]
INFO: [Synth 8-6155] done synthesizing module 'gree_ir_core' (0#1) [e:/hardware_curriculum_design/nec_pl_zynq_vrlV0.1/build/gree_ir_pynq_axi/gree_ir_pynq_axi.gen/sources_1/bd/design_1/ipshared/7caa/src/gree_ir_core.v:9]
INFO: [Synth 8-6155] done synthesizing module 'gree_ir_axi_v1_0_S00_AXI' (0#1) [e:/hardware_curriculum_design/nec_pl_zynq_vrlV0.1/build/gree_ir_pynq_axi/gree_ir_pynq_axi.gen/sources_1/bd/design_1/ipshared/7caa/src/gree_ir_axi_v1_0_S00_AXI.v:3]
INFO: [Synth 8-6155] done synthesizing module 'gree_ir_axi_v1_0' (0#1) [e:/hardware_curriculum_design/nec_pl_zynq_vrlV0.1/build/gree_ir_pynq_axi/gree_ir_pynq_axi.gen/sources_1/bd/design_1/ipshared/7caa/src/gree_ir_axi_v1_0.v:3]
INFO: [Synth 8-6155] done synthesizing module 'design_1_gree_ir_axi_0_0' (0#1) [e:/hardware_curriculum_design/nec_pl_zynq_vrlV0.1/build/gree_ir_pynq_axi/gree_ir_pynq_axi.gen/sources_1/bd/design_1/ip/design_1_gree_ir_axi_0_0/synth/design_1_gree_ir_axi_0_0.v:53]
WARNING: [Synth 8-7129] Port S_AXI_AWPROT[2] in module gree_ir_axi_v1_0_S00_AXI is either unconnected or has no load
WARNING: [Synth 8-7129] Port S_AXI_AWPROT[1] in module gree_ir_axi_v1_0_S00_AXI is either unconnected or has no load
WARNING: [Synth 8-7129] Port S_AXI_AWPROT[0] in module gree_ir_axi_v1_0_S00_AXI is either unconnected or has no load
WARNING: [Synth 8-7129] Port S_AXI_ARPROT[2] in module gree_ir_axi_v1_0_S00_AXI is either unconnected or has no load
WARNING: [Synth 8-7129] Port S_AXI_ARPROT[1] in module gree_ir_axi_v1_0_S00_AXI is either unconnected or has no load
WARNING: [Synth 8-7129] Port S_AXI_ARPROT[0] in module gree_ir_axi_v1_0_S00_AXI is either unconnected or has no load
---------------------------------------------------------------------------------
Finished RTL Elaboration : Time (s): cpu = 00:00:25 ; elapsed = 00:00:27 . Memory (MB): peak = 1466.613 ; gain = 552.441
---------------------------------------------------------------------------------
---------------------------------------------------------------------------------
Start Handling Custom Attributes
---------------------------------------------------------------------------------
---------------------------------------------------------------------------------
Finished Handling Custom Attributes : Time (s): cpu = 00:00:26 ; elapsed = 00:00:27 . Memory (MB): peak = 1466.613 ; gain = 552.441
---------------------------------------------------------------------------------
---------------------------------------------------------------------------------
Finished RTL Optimization Phase 1 : Time (s): cpu = 00:00:26 ; elapsed = 00:00:27 . Memory (MB): peak = 1466.613 ; gain = 552.441
---------------------------------------------------------------------------------
Netlist sorting complete. Time (s): cpu = 00:00:00 ; elapsed = 00:00:00.036 . Memory (MB): peak = 1466.613 ; gain = 0.000
INFO: [Project 1-570] Preparing netlist for logic optimization

Processing XDC Constraints
Initializing timing engine
Completed Processing XDC Constraints

Netlist sorting complete. Time (s): cpu = 00:00:00 ; elapsed = 00:00:00.001 . Memory (MB): peak = 1558.008 ; gain = 0.000
INFO: [Project 1-111] Unisim Transformation Summary:
No Unisim elements were transformed.

The system cannot find the path specified.
Constraint Validation Runtime : Time (s): cpu = 00:00:00 ; elapsed = 00:00:00.102 . Memory (MB): peak = 1558.008 ; gain = 0.000
INFO: [Designutils 20-5008] Incremental synthesis strategy off
---------------------------------------------------------------------------------
Finished Constraint Validation : Time (s): cpu = 00:00:54 ; elapsed = 00:00:57 . Memory (MB): peak = 1558.008 ; gain = 643.836
---------------------------------------------------------------------------------
---------------------------------------------------------------------------------
Start Loading Part and Timing Information
---------------------------------------------------------------------------------
Loading part: xc7z020clg400-1
---------------------------------------------------------------------------------
Finished Loading Part and Timing Information : Time (s): cpu = 00:00:54 ; elapsed = 00:00:57 . Memory (MB): peak = 1558.008 ; gain = 643.836
---------------------------------------------------------------------------------
---------------------------------------------------------------------------------
Start Applying 'set_property' XDC Constraints
---------------------------------------------------------------------------------
---------------------------------------------------------------------------------
Finished applying 'set_property' XDC Constraints : Time (s): cpu = 00:00:54 ; elapsed = 00:00:57 . Memory (MB): peak = 1558.008 ; gain = 643.836
---------------------------------------------------------------------------------
INFO: [Synth 8-802] inferred FSM for state register 'curr_state_reg' in module 'gree_ir_core'
---------------------------------------------------------------------------------------------------
                   State |                     New Encoding |                Previous Encoding 
---------------------------------------------------------------------------------------------------
                  S_IDLE |                        000010000 |                             0000
           S_HEADER_MARK |                        000100000 |                             0001
          S_HEADER_SPACE |                        000001000 |                             0010
                 S_DATA1 |                        000000001 |                             0011
          S_CONNECT_MARK |                        000000010 |                             0100
           S_CONNECT_GAP |                        000000100 |                             0101
                 S_DATA2 |                        100000000 |                             0110
              S_END_MARK |                        001000000 |                             0111
                  S_WAIT |                        010000000 |                             1000
---------------------------------------------------------------------------------------------------
INFO: [Synth 8-3354] encoded FSM with state register 'curr_state_reg' using encoding 'one-hot' in module 'gree_ir_core'
---------------------------------------------------------------------------------
Finished RTL Optimization Phase 2 : Time (s): cpu = 00:00:56 ; elapsed = 00:00:59 . Memory (MB): peak = 1558.008 ; gain = 643.836
---------------------------------------------------------------------------------
---------------------------------------------------------------------------------
Start RTL Component Statistics 
---------------------------------------------------------------------------------
Detailed RTL Component Info : 
+---Adders : 
	   2 Input   32 Bit       Adders := 1     
	   2 Input   18 Bit       Adders := 1     
	   2 Input   12 Bit       Adders := 1     
	   2 Input    6 Bit       Adders := 1     
+---Registers : 
	               64 Bit    Registers := 1     
	               32 Bit    Registers := 7     
	                6 Bit    Registers := 1     
	                5 Bit    Registers := 2     
	                2 Bit    Registers := 2     
	                1 Bit    Registers := 13    
+---Muxes : 
	   2 Input   32 Bit        Muxes := 8     
	   6 Input   32 Bit        Muxes := 4     
	   5 Input   32 Bit        Muxes := 2     
	  10 Input   32 Bit        Muxes := 2     
	   2 Input   19 Bit        Muxes := 1     
	   2 Input   12 Bit        Muxes := 2     
	   9 Input    9 Bit        Muxes := 1     
	   2 Input    9 Bit        Muxes := 9     
	   2 Input    6 Bit        Muxes := 2     
	   5 Input    6 Bit        Muxes := 1     
	   2 Input    4 Bit        Muxes := 18    
	   9 Input    4 Bit        Muxes := 3     
	   2 Input    1 Bit        Muxes := 15    
	   5 Input    1 Bit        Muxes := 4     
	   6 Input    1 Bit        Muxes := 7     
---------------------------------------------------------------------------------
Finished RTL Component Statistics 
---------------------------------------------------------------------------------
---------------------------------------------------------------------------------
Start Part Resource Summary
---------------------------------------------------------------------------------
Part Resources:
DSPs: 220 (col length:60)
BRAMs: 280 (col length: RAMB18 60 RAMB36 30)
---------------------------------------------------------------------------------
Finished Part Resource Summary
---------------------------------------------------------------------------------
---------------------------------------------------------------------------------
Start Cross Boundary and Area Optimization
---------------------------------------------------------------------------------
WARNING: [Synth 8-7080] Parallel synthesis criteria is not met
WARNING: [Synth 8-7129] Port S_AXI_AWPROT[2] in module gree_ir_axi_v1_0_S00_AXI is either unconnected or has no load
WARNING: [Synth 8-7129] Port S_AXI_AWPROT[1] in module gree_ir_axi_v1_0_S00_AXI is either unconnected or has no load
WARNING: [Synth 8-7129] Port S_AXI_AWPROT[0] in module gree_ir_axi_v1_0_S00_AXI is either unconnected or has no load
WARNING: [Synth 8-7129] Port S_AXI_ARPROT[2] in module gree_ir_axi_v1_0_S00_AXI is either unconnected or has no load
WARNING: [Synth 8-7129] Port S_AXI_ARPROT[1] in module gree_ir_axi_v1_0_S00_AXI is either unconnected or has no load
WARNING: [Synth 8-7129] Port S_AXI_ARPROT[0] in module gree_ir_axi_v1_0_S00_AXI is either unconnected or has no load
---------------------------------------------------------------------------------
Finished Cross Boundary and Area Optimization : Time (s): cpu = 00:01:08 ; elapsed = 00:01:11 . Memory (MB): peak = 1558.008 ; gain = 643.836
---------------------------------------------------------------------------------
---------------------------------------------------------------------------------
Start Applying XDC Timing Constraints
---------------------------------------------------------------------------------
---------------------------------------------------------------------------------
Finished Applying XDC Timing Constraints : Time (s): cpu = 00:01:28 ; elapsed = 00:01:31 . Memory (MB): peak = 1558.008 ; gain = 643.836
---------------------------------------------------------------------------------
---------------------------------------------------------------------------------
Start Timing Optimization
---------------------------------------------------------------------------------
---------------------------------------------------------------------------------
Finished Timing Optimization : Time (s): cpu = 00:01:28 ; elapsed = 00:01:32 . Memory (MB): peak = 1558.008 ; gain = 643.836
---------------------------------------------------------------------------------
---------------------------------------------------------------------------------
Start Technology Mapping
---------------------------------------------------------------------------------
---------------------------------------------------------------------------------
Finished Technology Mapping : Time (s): cpu = 00:01:29 ; elapsed = 00:01:32 . Memory (MB): peak = 1558.008 ; gain = 643.836
---------------------------------------------------------------------------------
---------------------------------------------------------------------------------
Start IO Insertion
---------------------------------------------------------------------------------
---------------------------------------------------------------------------------
Start Flattening Before IO Insertion
---------------------------------------------------------------------------------
---------------------------------------------------------------------------------
Finished Flattening Before IO Insertion
---------------------------------------------------------------------------------
---------------------------------------------------------------------------------
Start Final Netlist Cleanup
---------------------------------------------------------------------------------
---------------------------------------------------------------------------------
Finished Final Netlist Cleanup
---------------------------------------------------------------------------------
---------------------------------------------------------------------------------
Finished IO Insertion : Time (s): cpu = 00:01:40 ; elapsed = 00:01:44 . Memory (MB): peak = 1558.008 ; gain = 643.836
---------------------------------------------------------------------------------
---------------------------------------------------------------------------------
Start Renaming Generated Instances
---------------------------------------------------------------------------------
---------------------------------------------------------------------------------
Finished Renaming Generated Instances : Time (s): cpu = 00:01:40 ; elapsed = 00:01:44 . Memory (MB): peak = 1558.008 ; gain = 643.836
---------------------------------------------------------------------------------
---------------------------------------------------------------------------------
Start Rebuilding User Hierarchy
---------------------------------------------------------------------------------
---------------------------------------------------------------------------------
Finished Rebuilding User Hierarchy : Time (s): cpu = 00:01:40 ; elapsed = 00:01:44 . Memory (MB): peak = 1558.008 ; gain = 643.836
---------------------------------------------------------------------------------
---------------------------------------------------------------------------------
Start Renaming Generated Ports
---------------------------------------------------------------------------------
---------------------------------------------------------------------------------
Finished Renaming Generated Ports : Time (s): cpu = 00:01:40 ; elapsed = 00:01:44 . Memory (MB): peak = 1558.008 ; gain = 643.836
---------------------------------------------------------------------------------
---------------------------------------------------------------------------------
Start Handling Custom Attributes
---------------------------------------------------------------------------------
---------------------------------------------------------------------------------
Finished Handling Custom Attributes : Time (s): cpu = 00:01:40 ; elapsed = 00:01:44 . Memory (MB): peak = 1558.008 ; gain = 643.836
---------------------------------------------------------------------------------
---------------------------------------------------------------------------------
Start Renaming Generated Nets
---------------------------------------------------------------------------------
---------------------------------------------------------------------------------
Finished Renaming Generated Nets : Time (s): cpu = 00:01:40 ; elapsed = 00:01:44 . Memory (MB): peak = 1558.008 ; gain = 643.836
---------------------------------------------------------------------------------
---------------------------------------------------------------------------------
Start Writing Synthesis Report
---------------------------------------------------------------------------------

Report BlackBoxes: 
+-+--------------+----------+
| |BlackBox name |Instances |
+-+--------------+----------+
+-+--------------+----------+

Report Cell Usage: 
+------+-------+------+
|      |Cell   |Count |
+------+-------+------+
|1     |CARRY4 |    15|
|2     |LUT1   |     2|
|3     |LUT2   |    86|
|4     |LUT3   |    28|
|5     |LUT4   |    61|
|6     |LUT5   |    63|
|7     |LUT6   |   166|
|8     |MUXF7  |     8|
|9     |FDCE   |   125|
|10    |FDPE   |     1|
|11    |FDRE   |   139|
|12    |FDSE   |     7|
+------+-------+------+
---------------------------------------------------------------------------------
Finished Writing Synthesis Report : Time (s): cpu = 00:01:40 ; elapsed = 00:01:44 . Memory (MB): peak = 1558.008 ; gain = 643.836
---------------------------------------------------------------------------------
Synthesis finished with 0 errors, 0 critical warnings and 7 warnings.
Synthesis Optimization Runtime : Time (s): cpu = 00:01:08 ; elapsed = 00:01:37 . Memory (MB): peak = 1558.008 ; gain = 552.441
Synthesis Optimization Complete : Time (s): cpu = 00:01:40 ; elapsed = 00:01:44 . Memory (MB): peak = 1558.008 ; gain = 643.836
INFO: [Project 1-571] Translating synthesized netlist
Netlist sorting complete. Time (s): cpu = 00:00:00 ; elapsed = 00:00:00.019 . Memory (MB): peak = 1558.008 ; gain = 0.000
INFO: [Netlist 29-17] Analyzing 23 Unisim elements for replacement
INFO: [Netlist 29-28] Unisim Transformation completed in 0 CPU seconds
INFO: [Project 1-570] Preparing netlist for logic optimization
INFO: [Opt 31-138] Pushed 0 inverter(s) to 0 load pin(s).
Netlist sorting complete. Time (s): cpu = 00:00:00 ; elapsed = 00:00:00 . Memory (MB): peak = 1558.008 ; gain = 0.000
INFO: [Project 1-111] Unisim Transformation Summary:
No Unisim elements were transformed.

The system cannot find the path specified.
Synth Design complete | Checksum: 7f9eafbe
INFO: [Common 17-83] Releasing license: Synthesis
29 Infos, 14 Warnings, 0 Critical Warnings and 0 Errors encountered.
synth_design completed successfully
synth_design: Time (s): cpu = 00:01:56 ; elapsed = 00:02:04 . Memory (MB): peak = 1558.008 ; gain = 1063.453
Write ShapeDB Complete: Time (s): cpu = 00:00:00 ; elapsed = 00:00:00.002 . Memory (MB): peak = 1558.008 ; gain = 0.000
INFO: [Common 17-1381] The checkpoint 'E:/hardware_curriculum_design/nec_pl_zynq_vrlV0.1/build/gree_ir_pynq_axi/gree_ir_pynq_axi.runs/design_1_gree_ir_axi_0_0_synth_1/design_1_gree_ir_axi_0_0.dcp' has been generated.
INFO: [Coretcl 2-1648] Added synthesis output to IP cache for IP design_1_gree_ir_axi_0_0, cache-ID = 14eaaa99c942730f
INFO: [Coretcl 2-1174] Renamed 3 cell refs.
Write ShapeDB Complete: Time (s): cpu = 00:00:00 ; elapsed = 00:00:00.003 . Memory (MB): peak = 1558.008 ; gain = 0.000
INFO: [Common 17-1381] The checkpoint 'E:/hardware_curriculum_design/nec_pl_zynq_vrlV0.1/build/gree_ir_pynq_axi/gree_ir_pynq_axi.runs/design_1_gree_ir_axi_0_0_synth_1/design_1_gree_ir_axi_0_0.dcp' has been generated.
INFO: [runtcl-4] Executing : report_utilization -file design_1_gree_ir_axi_0_0_utilization_synth.rpt -pb design_1_gree_ir_axi_0_0_utilization_synth.pb
INFO: [Common 17-206] Exiting Vivado at Tue May 26 19:58:37 2026...
